[2026-03-01T14:17:10.517+0000] {processor.py:161} INFO - Started process (PID=205) to work on /opt/airflow/dags/__pycache__/Address_Enrichment_Job.py
[2026-03-01T14:17:10.518+0000] {processor.py:830} INFO - Processing file /opt/airflow/dags/__pycache__/Address_Enrichment_Job.py for tasks to queue
[2026-03-01T14:17:10.520+0000] {logging_mixin.py:188} INFO - [2026-03-01T14:17:10.519+0000] {dagbag.py:545} INFO - Filling up the DagBag from /opt/airflow/dags/__pycache__/Address_Enrichment_Job.py
[2026-03-01T14:17:10.534+0000] {processor.py:840} INFO - DAG(s) 'Address_Enrichment_Job' retrieved from /opt/airflow/dags/__pycache__/Address_Enrichment_Job.py
[2026-03-01T14:17:10.562+0000] {logging_mixin.py:188} INFO - [2026-03-01T14:17:10.561+0000] {dag.py:3096} INFO - Sync 1 DAGs
[2026-03-01T14:17:10.574+0000] {logging_mixin.py:188} INFO - [2026-03-01T14:17:10.574+0000] {dag.py:3954} INFO - Setting next_dagrun for Address_Enrichment_Job to None, run_after=None
[2026-03-01T14:17:10.597+0000] {processor.py:183} INFO - Processing /opt/airflow/dags/__pycache__/Address_Enrichment_Job.py took 0.086 seconds
[2026-03-01T14:17:40.784+0000] {processor.py:161} INFO - Started process (PID=215) to work on /opt/airflow/dags/__pycache__/Address_Enrichment_Job.py
[2026-03-01T14:17:40.785+0000] {processor.py:830} INFO - Processing file /opt/airflow/dags/__pycache__/Address_Enrichment_Job.py for tasks to queue
[2026-03-01T14:17:40.787+0000] {logging_mixin.py:188} INFO - [2026-03-01T14:17:40.787+0000] {dagbag.py:545} INFO - Filling up the DagBag from /opt/airflow/dags/__pycache__/Address_Enrichment_Job.py
[2026-03-01T14:17:40.799+0000] {processor.py:840} INFO - DAG(s) 'Address_Enrichment_Job' retrieved from /opt/airflow/dags/__pycache__/Address_Enrichment_Job.py
[2026-03-01T14:17:40.890+0000] {logging_mixin.py:188} INFO - [2026-03-01T14:17:40.889+0000] {dag.py:3096} INFO - Sync 1 DAGs
[2026-03-01T14:17:40.898+0000] {logging_mixin.py:188} INFO - [2026-03-01T14:17:40.898+0000] {dag.py:3954} INFO - Setting next_dagrun for Address_Enrichment_Job to None, run_after=None
[2026-03-01T14:17:40.916+0000] {processor.py:183} INFO - Processing /opt/airflow/dags/__pycache__/Address_Enrichment_Job.py took 0.137 seconds
[2026-03-01T14:18:11.035+0000] {processor.py:161} INFO - Started process (PID=225) to work on /opt/airflow/dags/__pycache__/Address_Enrichment_Job.py
[2026-03-01T14:18:11.037+0000] {processor.py:830} INFO - Processing file /opt/airflow/dags/__pycache__/Address_Enrichment_Job.py for tasks to queue
[2026-03-01T14:18:11.039+0000] {logging_mixin.py:188} INFO - [2026-03-01T14:18:11.039+0000] {dagbag.py:545} INFO - Filling up the DagBag from /opt/airflow/dags/__pycache__/Address_Enrichment_Job.py
[2026-03-01T14:18:11.060+0000] {processor.py:840} INFO - DAG(s) 'Address_Enrichment_Job' retrieved from /opt/airflow/dags/__pycache__/Address_Enrichment_Job.py
[2026-03-01T14:18:11.091+0000] {logging_mixin.py:188} INFO - [2026-03-01T14:18:11.090+0000] {dag.py:3096} INFO - Sync 1 DAGs
[2026-03-01T14:18:11.107+0000] {logging_mixin.py:188} INFO - [2026-03-01T14:18:11.107+0000] {dag.py:3954} INFO - Setting next_dagrun for Address_Enrichment_Job to None, run_after=None
[2026-03-01T14:18:11.134+0000] {processor.py:183} INFO - Processing /opt/airflow/dags/__pycache__/Address_Enrichment_Job.py took 0.106 seconds
[2026-03-01T14:18:41.323+0000] {processor.py:161} INFO - Started process (PID=235) to work on /opt/airflow/dags/__pycache__/Address_Enrichment_Job.py
[2026-03-01T14:18:41.324+0000] {processor.py:830} INFO - Processing file /opt/airflow/dags/__pycache__/Address_Enrichment_Job.py for tasks to queue
[2026-03-01T14:18:41.326+0000] {logging_mixin.py:188} INFO - [2026-03-01T14:18:41.326+0000] {dagbag.py:545} INFO - Filling up the DagBag from /opt/airflow/dags/__pycache__/Address_Enrichment_Job.py
[2026-03-01T14:18:41.345+0000] {processor.py:840} INFO - DAG(s) 'Address_Enrichment_Job' retrieved from /opt/airflow/dags/__pycache__/Address_Enrichment_Job.py
[2026-03-01T14:18:41.513+0000] {logging_mixin.py:188} INFO - [2026-03-01T14:18:41.512+0000] {dag.py:3096} INFO - Sync 1 DAGs
[2026-03-01T14:18:41.549+0000] {logging_mixin.py:188} INFO - [2026-03-01T14:18:41.548+0000] {dag.py:3954} INFO - Setting next_dagrun for Address_Enrichment_Job to None, run_after=None
[2026-03-01T14:18:41.663+0000] {processor.py:183} INFO - Processing /opt/airflow/dags/__pycache__/Address_Enrichment_Job.py took 0.350 seconds
[2026-03-01T14:19:11.856+0000] {processor.py:161} INFO - Started process (PID=245) to work on /opt/airflow/dags/__pycache__/Address_Enrichment_Job.py
[2026-03-01T14:19:11.858+0000] {processor.py:830} INFO - Processing file /opt/airflow/dags/__pycache__/Address_Enrichment_Job.py for tasks to queue
[2026-03-01T14:19:11.863+0000] {logging_mixin.py:188} INFO - [2026-03-01T14:19:11.863+0000] {dagbag.py:545} INFO - Filling up the DagBag from /opt/airflow/dags/__pycache__/Address_Enrichment_Job.py
[2026-03-01T14:19:11.902+0000] {processor.py:840} INFO - DAG(s) 'Address_Enrichment_Job' retrieved from /opt/airflow/dags/__pycache__/Address_Enrichment_Job.py
[2026-03-01T14:19:11.933+0000] {logging_mixin.py:188} INFO - [2026-03-01T14:19:11.933+0000] {dag.py:3096} INFO - Sync 1 DAGs
[2026-03-01T14:19:11.958+0000] {logging_mixin.py:188} INFO - [2026-03-01T14:19:11.957+0000] {dag.py:3954} INFO - Setting next_dagrun for Address_Enrichment_Job to None, run_after=None
[2026-03-01T14:19:11.994+0000] {processor.py:183} INFO - Processing /opt/airflow/dags/__pycache__/Address_Enrichment_Job.py took 0.158 seconds
[2026-03-01T14:19:42.120+0000] {processor.py:161} INFO - Started process (PID=255) to work on /opt/airflow/dags/__pycache__/Address_Enrichment_Job.py
[2026-03-01T14:19:42.122+0000] {processor.py:830} INFO - Processing file /opt/airflow/dags/__pycache__/Address_Enrichment_Job.py for tasks to queue
[2026-03-01T14:19:42.124+0000] {logging_mixin.py:188} INFO - [2026-03-01T14:19:42.124+0000] {dagbag.py:545} INFO - Filling up the DagBag from /opt/airflow/dags/__pycache__/Address_Enrichment_Job.py
[2026-03-01T14:19:42.147+0000] {processor.py:840} INFO - DAG(s) 'Address_Enrichment_Job' retrieved from /opt/airflow/dags/__pycache__/Address_Enrichment_Job.py
[2026-03-01T14:19:42.279+0000] {logging_mixin.py:188} INFO - [2026-03-01T14:19:42.279+0000] {dag.py:3096} INFO - Sync 1 DAGs
[2026-03-01T14:19:42.292+0000] {logging_mixin.py:188} INFO - [2026-03-01T14:19:42.292+0000] {dag.py:3954} INFO - Setting next_dagrun for Address_Enrichment_Job to None, run_after=None
[2026-03-01T14:19:42.316+0000] {processor.py:183} INFO - Processing /opt/airflow/dags/__pycache__/Address_Enrichment_Job.py took 0.208 seconds
[2026-03-01T14:20:12.416+0000] {processor.py:161} INFO - Started process (PID=265) to work on /opt/airflow/dags/__pycache__/Address_Enrichment_Job.py
[2026-03-01T14:20:12.417+0000] {processor.py:830} INFO - Processing file /opt/airflow/dags/__pycache__/Address_Enrichment_Job.py for tasks to queue
[2026-03-01T14:20:12.418+0000] {logging_mixin.py:188} INFO - [2026-03-01T14:20:12.418+0000] {dagbag.py:545} INFO - Filling up the DagBag from /opt/airflow/dags/__pycache__/Address_Enrichment_Job.py
[2026-03-01T14:20:12.432+0000] {processor.py:840} INFO - DAG(s) 'Address_Enrichment_Job' retrieved from /opt/airflow/dags/__pycache__/Address_Enrichment_Job.py
[2026-03-01T14:20:12.457+0000] {logging_mixin.py:188} INFO - [2026-03-01T14:20:12.457+0000] {dag.py:3096} INFO - Sync 1 DAGs
[2026-03-01T14:20:12.470+0000] {logging_mixin.py:188} INFO - [2026-03-01T14:20:12.470+0000] {dag.py:3954} INFO - Setting next_dagrun for Address_Enrichment_Job to None, run_after=None
[2026-03-01T14:20:12.495+0000] {processor.py:183} INFO - Processing /opt/airflow/dags/__pycache__/Address_Enrichment_Job.py took 0.086 seconds
